  bypass.cpp
C:\Users\PC\source\repos\BypassPagecountChecks\BypassPagecountChecks\bypass.cpp(6,23): error C3861: 'IllegalInstructionQueryWorkingSetEx_ptr': tanımlayıcı bulunamadı
C:\Users\PC\source\repos\BypassPagecountChecks\BypassPagecountChecks\bypass.cpp(8,27): warning C4018: '<': imzalı/imzasız uyuşmazlığı
C:\Users\PC\source\repos\BypassPagecountChecks\BypassPagecountChecks\bypass.cpp(10,45): error C2065: 'PSAPI_WORKING_SET_EX_INFORMATION': bildirimi yapılmamış tanımlayıcı
C:\Users\PC\source\repos\BypassPagecountChecks\BypassPagecountChecks\bypass.cpp(10,31): warning C4018: '<': imzalı/imzasız uyuşmazlığı
C:\Users\PC\source\repos\BypassPagecountChecks\BypassPagecountChecks\bypass.cpp(11,22): error C2065: 'savedResults': bildirimi yapılmamış tanımlayıcı
C:\Users\PC\source\repos\BypassPagecountChecks\BypassPagecountChecks\bypass.cpp(12,21): error C2065: 'savedData': bildirimi yapılmamış tanımlayıcı
C:\Users\PC\source\repos\BypassPagecountChecks\BypassPagecountChecks\bypass.cpp(12,31): error C2146: sözdizimi hatası: ';' eksik ('saveToData' tanımlayıcısından önce)
C:\Users\PC\source\repos\BypassPagecountChecks\BypassPagecountChecks\bypass.cpp(12,31): error C2065: 'saveToData': bildirimi yapılmamış tanımlayıcı
C:\Users\PC\source\repos\BypassPagecountChecks\BypassPagecountChecks\bypass.cpp(13,21): error C2065: 'saveToData': bildirimi yapılmamış tanımlayıcı
C:\Users\PC\source\repos\BypassPagecountChecks\BypassPagecountChecks\bypass.cpp(14,21): error C2065: 'saveToData': bildirimi yapılmamış tanımlayıcı
C:\Users\PC\source\repos\BypassPagecountChecks\BypassPagecountChecks\bypass.cpp(14,45): error C2065: 'PPSAPI_WORKING_SET_EX_INFORMATION': bildirimi yapılmamış tanımlayıcı
C:\Users\PC\source\repos\BypassPagecountChecks\BypassPagecountChecks\bypass.cpp(14,79): error C2146: sözdizimi hatası: ')' eksik ('pv' tanımlayıcısından önce)
C:\Users\PC\source\repos\BypassPagecountChecks\BypassPagecountChecks\bypass.cpp(15,21): error C2065: 'saveToData': bildirimi yapılmamış tanımlayıcı
C:\Users\PC\source\repos\BypassPagecountChecks\BypassPagecountChecks\bypass.cpp(16,21): error C2065: 'savedResults': bildirimi yapılmamış tanımlayıcı
C:\Users\PC\source\repos\BypassPagecountChecks\BypassPagecountChecks\bypass.cpp(16,46): error C2039: 'pair': bir 'std' üyesi değil
C:\Program Files (x86)\Windows Kits\10\Include\10.0.18362.0\ucrt\stddef.h(19): message : 'std' bildirimine bakın
C:\Users\PC\source\repos\BypassPagecountChecks\BypassPagecountChecks\bypass.cpp(16,50): error C2065: 'pair': bildirimi yapılmamış tanımlayıcı
C:\Users\PC\source\repos\BypassPagecountChecks\BypassPagecountChecks\bypass.cpp(16,55): error C2062: 'void' türü beklenmiyor
C:\Users\PC\source\repos\BypassPagecountChecks\BypassPagecountChecks\bypass.cpp(19,58): error C2065: 'savedResults': bildirimi yapılmamış tanımlayıcı
C:\Users\PC\source\repos\BypassPagecountChecks\BypassPagecountChecks\bypass.cpp(20,23): error C2065: 'PPSAPI_WORKING_SET_EX_INFORMATION': bildirimi yapılmamış tanımlayıcı
C:\Users\PC\source\repos\BypassPagecountChecks\BypassPagecountChecks\bypass.cpp(20,57): error C2146: sözdizimi hatası: ')' eksik ('pv' tanımlayıcısından önce)
C:\Users\PC\source\repos\BypassPagecountChecks\BypassPagecountChecks\bypass.cpp(21,26): error C2065: 'savedResults': bildirimi yapılmamış tanımlayıcı
